{"level":"info","message":"✅ Database connected successfully","service":"elearning-api","timestamp":"2026-03-12 10:37:46"}
{"level":"info","message":"🚀 Server running on port 5000","service":"elearning-api","timestamp":"2026-03-12 10:37:52"}
{"level":"info","message":"📝 Environment: development","service":"elearning-api","timestamp":"2026-03-12 10:37:52"}
{"level":"info","message":"🔗 API: http://localhost:5000","service":"elearning-api","timestamp":"2026-03-12 10:37:52"}
{"level":"info","message":"✅ Database connected successfully","service":"elearning-api","timestamp":"2026-03-12 10:40:42"}
{"level":"info","message":"POST /api/auth/login","service":"elearning-api","timestamp":"2026-03-12 10:43:46"}
{"level":"info","message":"POST /api/auth/register","service":"elearning-api","timestamp":"2026-03-12 10:44:47"}
{"level":"info","message":"POST /api/auth/login","service":"elearning-api","timestamp":"2026-03-12 10:46:54"}
{"level":"info","message":"✅ Database connected successfully","service":"elearning-api","timestamp":"2026-03-12 10:49:52"}
{"level":"info","message":"✅ Database connected successfully","service":"elearning-api","timestamp":"2026-03-12 10:50:11"}
{"level":"info","message":"🚀 Server running on port 5000","service":"elearning-api","timestamp":"2026-03-12 10:50:13"}
{"level":"info","message":"📝 Environment: development","service":"elearning-api","timestamp":"2026-03-12 10:50:13"}
{"level":"info","message":"🔗 API: http://localhost:5000","service":"elearning-api","timestamp":"2026-03-12 10:50:13"}
{"level":"info","message":"POST /api/auth/login","service":"elearning-api","timestamp":"2026-03-12 10:51:53"}
{"level":"info","message":"GET /api/progress","service":"elearning-api","timestamp":"2026-03-12 10:51:54"}
{"level":"info","message":"GET /api/progress/watchtime","service":"elearning-api","timestamp":"2026-03-12 10:51:54"}
{"level":"info","message":"GET /api/auth/me","service":"elearning-api","timestamp":"2026-03-12 10:51:54"}
{"level":"info","message":"GET /api/progress","service":"elearning-api","timestamp":"2026-03-12 10:51:54"}
{"level":"info","message":"GET /api/progress/watchtime","service":"elearning-api","timestamp":"2026-03-12 10:51:54"}
{"level":"info","message":"GET /api/auth/me","service":"elearning-api","timestamp":"2026-03-12 10:52:29"}
{"level":"info","message":"GET /api/auth/me","service":"elearning-api","timestamp":"2026-03-12 10:52:29"}
{"level":"info","message":"GET /api/progress","service":"elearning-api","timestamp":"2026-03-12 10:52:29"}
{"level":"info","message":"GET /api/progress/watchtime","service":"elearning-api","timestamp":"2026-03-12 10:52:29"}
{"level":"info","message":"GET /api/progress","service":"elearning-api","timestamp":"2026-03-12 10:52:29"}
{"level":"info","message":"GET /api/progress/watchtime","service":"elearning-api","timestamp":"2026-03-12 10:52:29"}
{"level":"info","message":"GET /api/auth/me","service":"elearning-api","timestamp":"2026-03-12 10:52:36"}
{"level":"info","message":"GET /api/auth/me","service":"elearning-api","timestamp":"2026-03-12 10:52:36"}
{"level":"info","message":"GET /api/progress","service":"elearning-api","timestamp":"2026-03-12 10:52:36"}
{"level":"info","message":"GET /api/progress/watchtime","service":"elearning-api","timestamp":"2026-03-12 10:52:36"}
{"level":"info","message":"GET /api/progress","service":"elearning-api","timestamp":"2026-03-12 10:52:36"}
{"level":"info","message":"GET /api/progress/watchtime","service":"elearning-api","timestamp":"2026-03-12 10:52:36"}
{"level":"info","message":"GET /api/auth/me","service":"elearning-api","timestamp":"2026-03-12 10:52:39"}
{"level":"info","message":"GET /api/auth/me","service":"elearning-api","timestamp":"2026-03-12 10:52:39"}
{"level":"info","message":"GET /api/progress","service":"elearning-api","timestamp":"2026-03-12 10:52:39"}
{"level":"info","message":"GET /api/progress/watchtime","service":"elearning-api","timestamp":"2026-03-12 10:52:39"}
{"level":"info","message":"GET /api/progress","service":"elearning-api","timestamp":"2026-03-12 10:52:39"}
{"level":"info","message":"GET /api/progress/watchtime","service":"elearning-api","timestamp":"2026-03-12 10:52:39"}
{"level":"info","message":"GET /api/auth/me","service":"elearning-api","timestamp":"2026-03-12 10:52:39"}
{"level":"info","message":"GET /api/auth/me","service":"elearning-api","timestamp":"2026-03-12 10:52:39"}
{"level":"info","message":"GET /api/progress","service":"elearning-api","timestamp":"2026-03-12 10:52:39"}
{"level":"info","message":"GET /api/progress/watchtime","service":"elearning-api","timestamp":"2026-03-12 10:52:39"}
{"level":"info","message":"GET /api/progress","service":"elearning-api","timestamp":"2026-03-12 10:52:39"}
{"level":"info","message":"GET /api/progress/watchtime","service":"elearning-api","timestamp":"2026-03-12 10:52:39"}
{"level":"info","message":"GET /api/auth/me","service":"elearning-api","timestamp":"2026-03-12 10:52:43"}
{"level":"info","message":"GET /api/auth/me","service":"elearning-api","timestamp":"2026-03-12 10:52:43"}
{"level":"info","message":"GET /api/progress","service":"elearning-api","timestamp":"2026-03-12 10:52:43"}
{"level":"info","message":"GET /api/progress/watchtime","service":"elearning-api","timestamp":"2026-03-12 10:52:43"}
{"level":"info","message":"GET /api/content/grades","service":"elearning-api","timestamp":"2026-03-12 10:53:33"}
{"level":"info","message":"GET /api/content/grades","service":"elearning-api","timestamp":"2026-03-12 10:53:33"}
{"level":"info","message":"GET /api/content/content/recent","service":"elearning-api","timestamp":"2026-03-12 10:53:35"}
{"level":"info","message":"GET /api/content/content/recent","service":"elearning-api","timestamp":"2026-03-12 10:53:35"}
{"level":"info","message":"GET /api/progress/watchtime","service":"elearning-api","timestamp":"2026-03-12 10:53:37"}
{"level":"info","message":"GET /api/progress/watchtime","service":"elearning-api","timestamp":"2026-03-12 10:53:37"}
{"level":"info","message":"GET /api/content/grades","service":"elearning-api","timestamp":"2026-03-12 10:53:42"}
{"level":"info","message":"GET /api/content/grades","service":"elearning-api","timestamp":"2026-03-12 10:53:42"}
{"level":"info","message":"GET /api/content/grades/1/subjects","service":"elearning-api","timestamp":"2026-03-12 10:53:43"}
{"level":"info","message":"GET /api/content/grades/1/subjects","service":"elearning-api","timestamp":"2026-03-12 10:53:43"}
{"level":"info","message":"GET /api/content/subjects/1/topics","service":"elearning-api","timestamp":"2026-03-12 10:53:45"}
{"level":"info","message":"GET /api/content/subjects/1/topics","service":"elearning-api","timestamp":"2026-03-12 10:53:45"}
{"level":"info","message":"GET /api/content/content/recent","service":"elearning-api","timestamp":"2026-03-12 10:55:57"}
{"level":"info","message":"GET /api/content/content/recent","service":"elearning-api","timestamp":"2026-03-12 10:55:57"}
{"level":"info","message":"GET /api/achievements","service":"elearning-api","timestamp":"2026-03-12 10:55:59"}
{"level":"info","message":"GET /api/achievements/user","service":"elearning-api","timestamp":"2026-03-12 10:55:59"}
{"level":"info","message":"GET /api/achievements","service":"elearning-api","timestamp":"2026-03-12 10:55:59"}
{"level":"info","message":"GET /api/achievements/user","service":"elearning-api","timestamp":"2026-03-12 10:55:59"}
{"level":"info","message":"GET /api/auth/me","service":"elearning-api","timestamp":"2026-03-12 10:56:13"}
{"level":"info","message":"GET /api/auth/me","service":"elearning-api","timestamp":"2026-03-12 10:56:13"}
{"level":"info","message":"GET /api/progress","service":"elearning-api","timestamp":"2026-03-12 10:56:13"}
{"level":"info","message":"GET /api/progress/watchtime","service":"elearning-api","timestamp":"2026-03-12 10:56:13"}
{"level":"info","message":"GET /api/auth/me","service":"elearning-api","timestamp":"2026-03-12 10:56:15"}
{"level":"info","message":"GET /api/auth/me","service":"elearning-api","timestamp":"2026-03-12 10:56:15"}
{"level":"info","message":"GET /api/progress","service":"elearning-api","timestamp":"2026-03-12 10:56:15"}
{"level":"info","message":"GET /api/progress/watchtime","service":"elearning-api","timestamp":"2026-03-12 10:56:15"}
{"level":"info","message":"GET /api/progress","service":"elearning-api","timestamp":"2026-03-12 10:56:15"}
{"level":"info","message":"GET /api/progress/watchtime","service":"elearning-api","timestamp":"2026-03-12 10:56:15"}
{"level":"info","message":"POST /api/auth/register","service":"elearning-api","timestamp":"2026-03-12 10:56:57"}
{"code":"EAUTH","command":"AUTH PLAIN","level":"error","message":"Email send error: Invalid login: 535-5.7.8 Username and Password not accepted. For more information, go to\n535 5.7.8  https://support.google.com/mail/?p=BadCredentials d2e1a72fcca58-82a0734039asm1668795b3a.41 - gsmtp","response":"535-5.7.8 Username and Password not accepted. For more information, go to\n535 5.7.8  https://support.google.com/mail/?p=BadCredentials d2e1a72fcca58-82a0734039asm1668795b3a.41 - gsmtp","responseCode":535,"service":"elearning-api","stack":"Error: Invalid login: 535-5.7.8 Username and Password not accepted. For more information, go to\n535 5.7.8  https://support.google.com/mail/?p=BadCredentials d2e1a72fcca58-82a0734039asm1668795b3a.41 - gsmtp\n    at SMTPConnection._formatError (C:\\code\\Elearning\\server\\node_modules\\nodemailer\\lib\\smtp-connection\\index.js:912:19)\n    at SMTPConnection._actionAUTHComplete (C:\\code\\Elearning\\server\\node_modules\\nodemailer\\lib\\smtp-connection\\index.js:1722:34)\n    at SMTPConnection.<anonymous> (C:\\code\\Elearning\\server\\node_modules\\nodemailer\\lib\\smtp-connection\\index.js:651:26)\n    at SMTPConnection._processResponse (C:\\code\\Elearning\\server\\node_modules\\nodemailer\\lib\\smtp-connection\\index.js:1098:20)\n    at SMTPConnection._onData (C:\\code\\Elearning\\server\\node_modules\\nodemailer\\lib\\smtp-connection\\index.js:872:14)\n    at SMTPConnection._onSocketData (C:\\code\\Elearning\\server\\node_modules\\nodemailer\\lib\\smtp-connection\\index.js:196:44)\n    at TLSSocket.emit (node:events:507:28)\n    at addChunk (node:internal/streams/readable:559:12)\n    at readableAddChunkPushByteMode (node:internal/streams/readable:510:3)\n    at Readable.push (node:internal/streams/readable:390:5)","timestamp":"2026-03-12 10:57:00"}
{"level":"info","message":"POST /api/auth/register","service":"elearning-api","timestamp":"2026-03-12 11:00:57"}
{"level":"info","message":"POST /api/auth/register","service":"elearning-api","timestamp":"2026-03-12 11:01:30"}
{"code":"EAUTH","command":"AUTH PLAIN","level":"error","message":"Email send error: Invalid login: 535-5.7.8 Username and Password not accepted. For more information, go to\n535 5.7.8  https://support.google.com/mail/?p=BadCredentials d2e1a72fcca58-82a0738bca8sm1453992b3a.60 - gsmtp","response":"535-5.7.8 Username and Password not accepted. For more information, go to\n535 5.7.8  https://support.google.com/mail/?p=BadCredentials d2e1a72fcca58-82a0738bca8sm1453992b3a.60 - gsmtp","responseCode":535,"service":"elearning-api","stack":"Error: Invalid login: 535-5.7.8 Username and Password not accepted. For more information, go to\n535 5.7.8  https://support.google.com/mail/?p=BadCredentials d2e1a72fcca58-82a0738bca8sm1453992b3a.60 - gsmtp\n    at SMTPConnection._formatError (C:\\code\\Elearning\\server\\node_modules\\nodemailer\\lib\\smtp-connection\\index.js:912:19)\n    at SMTPConnection._actionAUTHComplete (C:\\code\\Elearning\\server\\node_modules\\nodemailer\\lib\\smtp-connection\\index.js:1722:34)\n    at SMTPConnection.<anonymous> (C:\\code\\Elearning\\server\\node_modules\\nodemailer\\lib\\smtp-connection\\index.js:651:26)\n    at SMTPConnection._processResponse (C:\\code\\Elearning\\server\\node_modules\\nodemailer\\lib\\smtp-connection\\index.js:1098:20)\n    at SMTPConnection._onData (C:\\code\\Elearning\\server\\node_modules\\nodemailer\\lib\\smtp-connection\\index.js:872:14)\n    at SMTPConnection._onSocketData (C:\\code\\Elearning\\server\\node_modules\\nodemailer\\lib\\smtp-connection\\index.js:196:44)\n    at TLSSocket.emit (node:events:507:28)\n    at addChunk (node:internal/streams/readable:559:12)\n    at readableAddChunkPushByteMode (node:internal/streams/readable:510:3)\n    at Readable.push (node:internal/streams/readable:390:5)","timestamp":"2026-03-12 11:01:32"}
{"level":"info","message":"POST /api/auth/login","service":"elearning-api","timestamp":"2026-03-12 11:01:48"}
{"level":"info","message":"GET /api/progress","service":"elearning-api","timestamp":"2026-03-12 11:01:48"}
{"level":"info","message":"GET /api/progress/watchtime","service":"elearning-api","timestamp":"2026-03-12 11:01:48"}
{"level":"info","message":"GET /api/auth/me","service":"elearning-api","timestamp":"2026-03-12 11:01:48"}
{"level":"info","message":"GET /api/progress","service":"elearning-api","timestamp":"2026-03-12 11:01:49"}
{"level":"info","message":"GET /api/progress/watchtime","service":"elearning-api","timestamp":"2026-03-12 11:01:49"}
{"level":"info","message":"GET /api/auth/me","service":"elearning-api","timestamp":"2026-03-12 11:02:00"}
{"level":"info","message":"GET /api/auth/me","service":"elearning-api","timestamp":"2026-03-12 11:02:00"}
{"level":"info","message":"GET /api/users","service":"elearning-api","timestamp":"2026-03-12 11:02:01"}
{"level":"info","message":"GET /api/progress","service":"elearning-api","timestamp":"2026-03-12 11:02:01"}
{"level":"info","message":"GET /api/progress/watchtime","service":"elearning-api","timestamp":"2026-03-12 11:02:01"}
{"level":"info","message":"GET /api/users","service":"elearning-api","timestamp":"2026-03-12 11:02:01"}
{"level":"info","message":"GET /api/progress","service":"elearning-api","timestamp":"2026-03-12 11:02:01"}
{"level":"info","message":"GET /api/progress/watchtime","service":"elearning-api","timestamp":"2026-03-12 11:02:01"}
{"level":"info","message":"✅ Database connected successfully","service":"elearning-api","timestamp":"2026-03-12 11:02:38"}
{"level":"info","message":"🚀 Server running on port 5000","service":"elearning-api","timestamp":"2026-03-12 11:02:40"}
{"level":"info","message":"📝 Environment: development","service":"elearning-api","timestamp":"2026-03-12 11:02:40"}
{"level":"info","message":"🔗 API: http://localhost:5000","service":"elearning-api","timestamp":"2026-03-12 11:02:40"}
{"level":"info","message":"✅ Database connected successfully","service":"elearning-api","timestamp":"2026-03-12 11:06:02"}
